-------------------------------------------------------------------------------
Test set: api.NgbApiApplicationTests
-------------------------------------------------------------------------------
Tests run: 1, Failures: 0, Errors: 1, Skipped: 0, Time elapsed: 2.064 s <<< FAILURE! - in api.NgbApiApplicationTests
contextLoads  Time elapsed: 0.001 s  <<< ERROR!
java.lang.IllegalStateException: Failed to load ApplicationContext for [ReactiveWebMergedContextConfiguration@23444a36 testClass = api.NgbApiApplicationTests, locations = [], classes = [api.NgbApiApplication], contextInitializerClasses = [], activeProfiles = [], propertySourceLocations = [], propertySourceProperties = ["org.springframework.boot.test.context.SpringBootTestContextBootstrapper=true"], contextCustomizers = [org.springframework.boot.test.context.filter.ExcludeFilterContextCustomizer@5d7148e2, org.springframework.boot.test.graphql.tester.HttpGraphQlTesterContextCustomizer@bae7dc0, org.springframework.boot.test.json.DuplicateJsonObjectContextCustomizerFactory$DuplicateJsonObjectContextCustomizer@43dac38f, org.springframework.boot.test.mock.mockito.MockitoContextCustomizer@0, org.springframework.boot.test.web.client.TestRestTemplateContextCustomizer@1de5f259, org.springframework.boot.test.web.reactive.server.WebTestClientContextCustomizer@957e06, org.springframework.boot.test.autoconfigure.actuate.observability.ObservabilityContextCustomizerFactory$DisableObservabilityContextCustomizer@9da1, org.springframework.boot.test.autoconfigure.properties.PropertyMappingContextCustomizer@0, org.springframework.boot.test.autoconfigure.web.servlet.WebDriverContextCustomizerFactory$Customizer@4efac082, org.springframework.boot.test.context.SpringBootTestAnnotation@760c603f], contextLoader = org.springframework.boot.test.context.SpringBootContextLoader, parent = null]
Caused by: org.springframework.beans.factory.BeanCreationException: Error creating bean with name 'batchDataFeeder' defined in file [/Users/allan/sandbox/ngb-api/target/classes/api/graphql/BatchDataFeeder.class]: Unexpected exception during bean creation
Caused by: java.lang.IllegalArgumentException: Could not resolve placeholder 'ngb.brewfather.auth.token' in value "${ngb.brewfather.auth.token}"

